2018-07-30 00:05:55 INFO  TestBase:58 - Starting tests on chrome browser.
2018-07-30 00:06:00 INFO  TestBase:111 - Driver initialization completed.
2018-07-30 00:06:00 INFO  MainPage:29 - Verifying Main Page Elements.
2018-07-30 00:06:00 INFO  ReusableFunctions:60 - [[ChromeDriver: chrome on XP (30281e60abf4c4db8257afbe211481b8)] -> xpath: //input[@id='user-message']]: element is displayed.
2018-07-30 00:06:00 INFO  ReusableFunctions:60 - [[ChromeDriver: chrome on XP (30281e60abf4c4db8257afbe211481b8)] -> xpath: //button[text()='Show Message']]: element is displayed.
2018-07-30 00:06:00 INFO  ReusableFunctions:60 - [[ChromeDriver: chrome on XP (30281e60abf4c4db8257afbe211481b8)] -> xpath: //input[@id='sum1']]: element is displayed.
2018-07-30 00:06:00 INFO  ReusableFunctions:60 - [[ChromeDriver: chrome on XP (30281e60abf4c4db8257afbe211481b8)] -> xpath: //input[@id='sum2']]: element is displayed.
2018-07-30 00:06:00 INFO  ReusableFunctions:60 - [[ChromeDriver: chrome on XP (30281e60abf4c4db8257afbe211481b8)] -> xpath: //button[text()='Get Total']]: element is displayed.
2018-07-30 00:06:00 INFO  MainPage:39 - All Main Page Elements Displayed.
2018-07-30 00:06:00 INFO  TestBase:58 - Starting tests on chrome browser.
2018-07-30 00:06:05 INFO  TestBase:111 - Driver initialization completed.
2018-07-30 00:06:05 INFO  MainPage:56 - Verifying Valid User Input.
2018-07-30 00:06:05 INFO  ReusableFunctions:158 - Actual Text From Application Web UI --> :: Welcome Selenium Learner
2018-07-30 00:06:05 INFO  ReusableFunctions:159 - Expected Text From Application Web UI --> :: Welcome Selenium Learner
2018-07-30 00:06:05 INFO  ReusableFunctions:162 - ### VERIFICATION TEXT MATCHED !!!
2018-07-30 00:06:06 INFO  TestBase:58 - Starting tests on chrome browser.
2018-07-30 00:06:10 INFO  TestBase:111 - Driver initialization completed.
2018-07-30 00:06:10 INFO  MainPage:76 - Verifying Addition Functionality.
2018-07-30 00:06:10 INFO  ReusableFunctions:158 - Actual Text From Application Web UI --> :: 15
2018-07-30 00:06:10 INFO  ReusableFunctions:159 - Expected Text From Application Web UI --> :: 15
2018-07-30 00:06:10 INFO  ReusableFunctions:162 - ### VERIFICATION TEXT MATCHED !!!
2018-07-30 00:06:11 INFO  TestBase:58 - Starting tests on chrome browser.
2018-07-30 00:06:15 INFO  TestBase:111 - Driver initialization completed.
2018-07-30 00:06:15 INFO  MainPage:76 - Verifying Addition Functionality.
2018-07-30 00:06:15 INFO  ReusableFunctions:158 - Actual Text From Application Web UI --> :: 11
2018-07-30 00:06:15 INFO  ReusableFunctions:159 - Expected Text From Application Web UI --> :: 12
2018-07-30 00:06:15 ERROR ReusableFunctions:165 - ### VERIFICATION TEXT DOES NOT MATCHED !!!
